{"F:\\Programming\\Javascript\\survey\\index.js": {"path":"F:\\Programming\\Javascript\\survey\\index.js","statementMap":{"0":{"start":{"line":1,"column":16},"end":{"line":1,"column":34}},"1":{"start":{"line":2,"column":12},"end":{"line":2,"column":21}},"2":{"start":{"line":3,"column":0},"end":{"line":3,"column":32}},"3":{"start":{"line":4,"column":16},"end":{"line":4,"column":34}},"4":{"start":{"line":6,"column":0},"end":{"line":6,"column":30}},"5":{"start":{"line":7,"column":0},"end":{"line":7,"column":25}},"6":{"start":{"line":8,"column":0},"end":{"line":8,"column":34}},"7":{"start":{"line":10,"column":0},"end":{"line":10,"column":22}},"8":{"start":{"line":11,"column":0},"end":{"line":11,"column":32}},"9":{"start":{"line":13,"column":15},"end":{"line":13,"column":83}},"10":{"start":{"line":13,"column":40},"end":{"line":13,"column":80}},"11":{"start":{"line":15,"column":0},"end":{"line":15,"column":31}},"12":{"start":{"line":16,"column":0},"end":{"line":16,"column":25}}},"fnMap":{"0":{"name":"(anonymous_0)","decl":{"start":{"line":13,"column":32},"end":{"line":13,"column":33}},"loc":{"start":{"line":13,"column":38},"end":{"line":13,"column":82}},"line":13}},"branchMap":{"0":{"loc":{"start":{"line":11,"column":7},"end":{"line":11,"column":31}},"type":"binary-expr","locations":[{"start":{"line":11,"column":7},"end":{"line":11,"column":23}},{"start":{"line":11,"column":27},"end":{"line":11,"column":31}}],"line":11}},"s":{"0":1,"1":1,"2":1,"3":1,"4":1,"5":1,"6":1,"7":1,"8":1,"9":1,"10":1,"11":1,"12":1},"f":{"0":1},"b":{"0":[1,1]},"_coverageSchema":"43e27e138ebf9cfc5966b082cf9a028302ed4184","hash":"e0ce6d0ca1afd9ba4af65db8542fe79ad5dfb158"}
,"F:\\Programming\\Javascript\\survey\\middlewares\\admin.js": {"path":"F:\\Programming\\Javascript\\survey\\middlewares\\admin.js","statementMap":{"0":{"start":{"line":1,"column":0},"end":{"line":5,"column":1}},"1":{"start":{"line":2,"column":2},"end":{"line":2,"column":70}},"2":{"start":{"line":2,"column":25},"end":{"line":2,"column":70}},"3":{"start":{"line":4,"column":2},"end":{"line":4,"column":9}}},"fnMap":{"0":{"name":"(anonymous_0)","decl":{"start":{"line":1,"column":17},"end":{"line":1,"column":18}},"loc":{"start":{"line":1,"column":43},"end":{"line":5,"column":1}},"line":1}},"branchMap":{"0":{"loc":{"start":{"line":2,"column":2},"end":{"line":2,"column":70}},"type":"if","locations":[{"start":{"line":2,"column":2},"end":{"line":2,"column":70}},{"start":{"line":2,"column":2},"end":{"line":2,"column":70}}],"line":2}},"s":{"0":1,"1":1,"2":0,"3":1},"f":{"0":1},"b":{"0":[0,1]},"_coverageSchema":"43e27e138ebf9cfc5966b082cf9a028302ed4184","hash":"106d28933cfe953a9f0493863e33a4a6c76c58fa"}
,"F:\\Programming\\Javascript\\survey\\middlewares\\auth.js": {"path":"F:\\Programming\\Javascript\\survey\\middlewares\\auth.js","statementMap":{"0":{"start":{"line":1,"column":12},"end":{"line":1,"column":35}},"1":{"start":{"line":2,"column":15},"end":{"line":2,"column":32}},"2":{"start":{"line":4,"column":0},"end":{"line":17,"column":1}},"3":{"start":{"line":5,"column":16},"end":{"line":5,"column":43}},"4":{"start":{"line":6,"column":2},"end":{"line":6,"column":68}},"5":{"start":{"line":6,"column":14},"end":{"line":6,"column":68}},"6":{"start":{"line":8,"column":2},"end":{"line":16,"column":3}},"7":{"start":{"line":9,"column":20},"end":{"line":9,"column":66}},"8":{"start":{"line":11,"column":4},"end":{"line":11,"column":23}},"9":{"start":{"line":12,"column":4},"end":{"line":12,"column":11}},"10":{"start":{"line":15,"column":4},"end":{"line":15,"column":43}}},"fnMap":{"0":{"name":"(anonymous_0)","decl":{"start":{"line":4,"column":17},"end":{"line":4,"column":18}},"loc":{"start":{"line":4,"column":43},"end":{"line":17,"column":1}},"line":4}},"branchMap":{"0":{"loc":{"start":{"line":6,"column":2},"end":{"line":6,"column":68}},"type":"if","locations":[{"start":{"line":6,"column":2},"end":{"line":6,"column":68}},{"start":{"line":6,"column":2},"end":{"line":6,"column":68}}],"line":6}},"s":{"0":1,"1":1,"2":1,"3":1,"4":1,"5":0,"6":1,"7":1,"8":1,"9":1,"10":0},"f":{"0":1},"b":{"0":[0,1]},"_coverageSchema":"43e27e138ebf9cfc5966b082cf9a028302ed4184","hash":"efa772f002b3ea1c145f01021caa4629f4e5404b"}
,"F:\\Programming\\Javascript\\survey\\middlewares\\error.js": {"path":"F:\\Programming\\Javascript\\survey\\middlewares\\error.js","statementMap":{"0":{"start":{"line":1,"column":16},"end":{"line":1,"column":34}},"1":{"start":{"line":3,"column":0},"end":{"line":7,"column":1}},"2":{"start":{"line":4,"column":2},"end":{"line":4,"column":34}},"3":{"start":{"line":6,"column":2},"end":{"line":6,"column":48}}},"fnMap":{"0":{"name":"(anonymous_0)","decl":{"start":{"line":3,"column":17},"end":{"line":3,"column":18}},"loc":{"start":{"line":3,"column":48},"end":{"line":7,"column":1}},"line":3}},"branchMap":{},"s":{"0":1,"1":1,"2":0,"3":0},"f":{"0":0},"b":{},"_coverageSchema":"43e27e138ebf9cfc5966b082cf9a028302ed4184","hash":"bb2ea5a2276fb56a591acd139b538073cc159fc3"}
,"F:\\Programming\\Javascript\\survey\\middlewares\\objectid.js": {"path":"F:\\Programming\\Javascript\\survey\\middlewares\\objectid.js","statementMap":{"0":{"start":{"line":1,"column":17},"end":{"line":1,"column":36}},"1":{"start":{"line":3,"column":0},"end":{"line":8,"column":1}},"2":{"start":{"line":4,"column":2},"end":{"line":5,"column":53}},"3":{"start":{"line":5,"column":4},"end":{"line":5,"column":53}},"4":{"start":{"line":7,"column":2},"end":{"line":7,"column":9}}},"fnMap":{"0":{"name":"(anonymous_0)","decl":{"start":{"line":3,"column":17},"end":{"line":3,"column":18}},"loc":{"start":{"line":3,"column":43},"end":{"line":8,"column":1}},"line":3}},"branchMap":{"0":{"loc":{"start":{"line":4,"column":2},"end":{"line":5,"column":53}},"type":"if","locations":[{"start":{"line":4,"column":2},"end":{"line":5,"column":53}},{"start":{"line":4,"column":2},"end":{"line":5,"column":53}}],"line":4}},"s":{"0":1,"1":1,"2":0,"3":0,"4":0},"f":{"0":0},"b":{"0":[0,0]},"_coverageSchema":"43e27e138ebf9cfc5966b082cf9a028302ed4184","hash":"523a09e995632326031fcc3ec106e15888846ce3"}
,"F:\\Programming\\Javascript\\survey\\models\\submission.js": {"path":"F:\\Programming\\Javascript\\survey\\models\\submission.js","statementMap":{"0":{"start":{"line":1,"column":17},"end":{"line":1,"column":36}},"1":{"start":{"line":2,"column":17},"end":{"line":2,"column":47}},"2":{"start":{"line":3,"column":19},"end":{"line":3,"column":46}},"3":{"start":{"line":4,"column":12},"end":{"line":4,"column":26}},"4":{"start":{"line":6,"column":25},"end":{"line":16,"column":2}},"5":{"start":{"line":18,"column":0},"end":{"line":43,"column":1}},"6":{"start":{"line":19,"column":17},"end":{"line":19,"column":68}},"7":{"start":{"line":21,"column":2},"end":{"line":31,"column":3}},"8":{"start":{"line":22,"column":22},"end":{"line":24,"column":5}},"9":{"start":{"line":23,"column":27},"end":{"line":23,"column":39}},"10":{"start":{"line":26,"column":4},"end":{"line":28,"column":7}},"11":{"start":{"line":27,"column":6},"end":{"line":27,"column":35}},"12":{"start":{"line":30,"column":4},"end":{"line":30,"column":25}},"13":{"start":{"line":33,"column":20},"end":{"line":33,"column":58}},"14":{"start":{"line":36,"column":2},"end":{"line":38,"column":5}},"15":{"start":{"line":37,"column":4},"end":{"line":37,"column":33}},"16":{"start":{"line":40,"column":2},"end":{"line":40,"column":61}},"17":{"start":{"line":42,"column":2},"end":{"line":42,"column":22}},"18":{"start":{"line":45,"column":19},"end":{"line":45,"column":65}},"19":{"start":{"line":48,"column":17},"end":{"line":52,"column":4}},"20":{"start":{"line":54,"column":2},"end":{"line":54,"column":36}},"21":{"start":{"line":57,"column":0},"end":{"line":57,"column":39}},"22":{"start":{"line":58,"column":0},"end":{"line":58,"column":55}}},"fnMap":{"0":{"name":"(anonymous_0)","decl":{"start":{"line":18,"column":40},"end":{"line":18,"column":41}},"loc":{"start":{"line":18,"column":74},"end":{"line":43,"column":1}},"line":18},"1":{"name":"(anonymous_1)","decl":{"start":{"line":23,"column":22},"end":{"line":23,"column":23}},"loc":{"start":{"line":23,"column":27},"end":{"line":23,"column":39}},"line":23},"2":{"name":"(anonymous_2)","decl":{"start":{"line":26,"column":22},"end":{"line":26,"column":23}},"loc":{"start":{"line":26,"column":27},"end":{"line":28,"column":5}},"line":26},"3":{"name":"(anonymous_3)","decl":{"start":{"line":36,"column":20},"end":{"line":36,"column":21}},"loc":{"start":{"line":36,"column":25},"end":{"line":38,"column":3}},"line":36},"4":{"name":"ValidateSubmission","decl":{"start":{"line":47,"column":9},"end":{"line":47,"column":27}},"loc":{"start":{"line":47,"column":34},"end":{"line":55,"column":1}},"line":47}},"branchMap":{"0":{"loc":{"start":{"line":21,"column":2},"end":{"line":31,"column":3}},"type":"if","locations":[{"start":{"line":21,"column":2},"end":{"line":31,"column":3}},{"start":{"line":21,"column":2},"end":{"line":31,"column":3}}],"line":21}},"s":{"0":1,"1":1,"2":1,"3":1,"4":1,"5":1,"6":0,"7":0,"8":0,"9":0,"10":0,"11":0,"12":0,"13":0,"14":0,"15":0,"16":0,"17":0,"18":1,"19":0,"20":0,"21":1,"22":1},"f":{"0":0,"1":0,"2":0,"3":0,"4":0},"b":{"0":[0,0]},"_coverageSchema":"43e27e138ebf9cfc5966b082cf9a028302ed4184","hash":"83a61bd2948a169765488e409417a1287ce7dcfe"}
,"F:\\Programming\\Javascript\\survey\\models\\survey.js": {"path":"F:\\Programming\\Javascript\\survey\\models\\survey.js","statementMap":{"0":{"start":{"line":1,"column":17},"end":{"line":1,"column":36}},"1":{"start":{"line":2,"column":12},"end":{"line":2,"column":26}},"2":{"start":{"line":3,"column":0},"end":{"line":3,"column":44}},"3":{"start":{"line":5,"column":21},"end":{"line":15,"column":2}},"4":{"start":{"line":17,"column":23},"end":{"line":20,"column":2}},"5":{"start":{"line":22,"column":21},"end":{"line":51,"column":2}},"6":{"start":{"line":66,"column":0},"end":{"line":90,"column":1}},"7":{"start":{"line":68,"column":20},"end":{"line":74,"column":6}},"8":{"start":{"line":70,"column":6},"end":{"line":72,"column":9}},"9":{"start":{"line":71,"column":8},"end":{"line":71,"column":47}},"10":{"start":{"line":71,"column":30},"end":{"line":71,"column":47}},"11":{"start":{"line":73,"column":6},"end":{"line":73,"column":20}},"12":{"start":{"line":75,"column":4},"end":{"line":75,"column":38}},"13":{"start":{"line":79,"column":24},"end":{"line":79,"column":34}},"14":{"start":{"line":81,"column":4},"end":{"line":82,"column":39}},"15":{"start":{"line":86,"column":24},"end":{"line":86,"column":34}},"16":{"start":{"line":88,"column":4},"end":{"line":88,"column":43}},"17":{"start":{"line":92,"column":0},"end":{"line":114,"column":1}},"18":{"start":{"line":96,"column":4},"end":{"line":101,"column":5}},"19":{"start":{"line":97,"column":6},"end":{"line":97,"column":39}},"20":{"start":{"line":100,"column":6},"end":{"line":100,"column":53}},"21":{"start":{"line":102,"column":24},"end":{"line":102,"column":34}},"22":{"start":{"line":104,"column":4},"end":{"line":105,"column":41}},"23":{"start":{"line":109,"column":19},"end":{"line":109,"column":52}},"24":{"start":{"line":110,"column":24},"end":{"line":110,"column":34}},"25":{"start":{"line":112,"column":4},"end":{"line":112,"column":45}},"26":{"start":{"line":185,"column":15},"end":{"line":185,"column":53}},"27":{"start":{"line":188,"column":17},"end":{"line":192,"column":4}},"28":{"start":{"line":194,"column":2},"end":{"line":194,"column":36}},"29":{"start":{"line":197,"column":0},"end":{"line":197,"column":31}},"30":{"start":{"line":198,"column":0},"end":{"line":198,"column":47}}},"fnMap":{"0":{"name":"(anonymous_0)","decl":{"start":{"line":67,"column":18},"end":{"line":67,"column":19}},"loc":{"start":{"line":67,"column":45},"end":{"line":76,"column":3}},"line":67},"1":{"name":"(anonymous_1)","decl":{"start":{"line":68,"column":34},"end":{"line":68,"column":35}},"loc":{"start":{"line":68,"column":50},"end":{"line":74,"column":5}},"line":68},"2":{"name":"(anonymous_2)","decl":{"start":{"line":70,"column":40},"end":{"line":70,"column":41}},"loc":{"start":{"line":70,"column":51},"end":{"line":72,"column":7}},"line":70},"3":{"name":"(anonymous_3)","decl":{"start":{"line":78,"column":13},"end":{"line":78,"column":14}},"loc":{"start":{"line":78,"column":25},"end":{"line":83,"column":3}},"line":78},"4":{"name":"(anonymous_4)","decl":{"start":{"line":85,"column":13},"end":{"line":85,"column":14}},"loc":{"start":{"line":85,"column":25},"end":{"line":89,"column":3}},"line":85},"5":{"name":"(anonymous_5)","decl":{"start":{"line":93,"column":13},"end":{"line":93,"column":14}},"loc":{"start":{"line":93,"column":33},"end":{"line":106,"column":3}},"line":93},"6":{"name":"(anonymous_6)","decl":{"start":{"line":108,"column":13},"end":{"line":108,"column":14}},"loc":{"start":{"line":108,"column":33},"end":{"line":113,"column":3}},"line":108},"7":{"name":"ValidateSurvey","decl":{"start":{"line":187,"column":9},"end":{"line":187,"column":23}},"loc":{"start":{"line":187,"column":30},"end":{"line":195,"column":1}},"line":187}},"branchMap":{"0":{"loc":{"start":{"line":71,"column":8},"end":{"line":71,"column":47}},"type":"if","locations":[{"start":{"line":71,"column":8},"end":{"line":71,"column":47}},{"start":{"line":71,"column":8},"end":{"line":71,"column":47}}],"line":71},"1":{"loc":{"start":{"line":81,"column":11},"end":{"line":82,"column":38}},"type":"binary-expr","locations":[{"start":{"line":81,"column":12},"end":{"line":81,"column":41}},{"start":{"line":82,"column":10},"end":{"line":82,"column":37}}],"line":81},"2":{"loc":{"start":{"line":96,"column":4},"end":{"line":101,"column":5}},"type":"if","locations":[{"start":{"line":96,"column":4},"end":{"line":101,"column":5}},{"start":{"line":96,"column":4},"end":{"line":101,"column":5}}],"line":96},"3":{"loc":{"start":{"line":104,"column":11},"end":{"line":105,"column":40}},"type":"binary-expr","locations":[{"start":{"line":104,"column":12},"end":{"line":104,"column":43}},{"start":{"line":105,"column":10},"end":{"line":105,"column":39}}],"line":104}},"s":{"0":1,"1":1,"2":1,"3":1,"4":1,"5":1,"6":1,"7":0,"8":0,"9":0,"10":0,"11":0,"12":0,"13":0,"14":0,"15":0,"16":0,"17":1,"18":0,"19":0,"20":0,"21":0,"22":0,"23":0,"24":0,"25":0,"26":1,"27":0,"28":0,"29":1,"30":1},"f":{"0":0,"1":0,"2":0,"3":0,"4":0,"5":0,"6":0,"7":0},"b":{"0":[0,0],"1":[0,0],"2":[0,0],"3":[0,0]},"_coverageSchema":"43e27e138ebf9cfc5966b082cf9a028302ed4184","hash":"8e9ef0c3f79c44c1a7385672f7deb5e5f3663a9e"}
,"F:\\Programming\\Javascript\\survey\\models\\user.js": {"path":"F:\\Programming\\Javascript\\survey\\models\\user.js","statementMap":{"0":{"start":{"line":1,"column":17},"end":{"line":1,"column":36}},"1":{"start":{"line":2,"column":15},"end":{"line":2,"column":32}},"2":{"start":{"line":3,"column":12},"end":{"line":3,"column":35}},"3":{"start":{"line":4,"column":12},"end":{"line":4,"column":26}},"4":{"start":{"line":6,"column":19},"end":{"line":22,"column":2}},"5":{"start":{"line":24,"column":0},"end":{"line":33,"column":2}},"6":{"start":{"line":25,"column":2},"end":{"line":32,"column":4}},"7":{"start":{"line":35,"column":13},"end":{"line":35,"column":47}},"8":{"start":{"line":38,"column":17},"end":{"line":41,"column":4}},"9":{"start":{"line":43,"column":2},"end":{"line":43,"column":36}},"10":{"start":{"line":47,"column":17},"end":{"line":50,"column":4}},"11":{"start":{"line":52,"column":2},"end":{"line":52,"column":36}},"12":{"start":{"line":55,"column":0},"end":{"line":55,"column":27}},"13":{"start":{"line":56,"column":0},"end":{"line":56,"column":51}},"14":{"start":{"line":57,"column":0},"end":{"line":57,"column":45}}},"fnMap":{"0":{"name":"(anonymous_0)","decl":{"start":{"line":24,"column":39},"end":{"line":24,"column":40}},"loc":{"start":{"line":24,"column":51},"end":{"line":33,"column":1}},"line":24},"1":{"name":"ValidateRegister","decl":{"start":{"line":37,"column":9},"end":{"line":37,"column":25}},"loc":{"start":{"line":37,"column":32},"end":{"line":44,"column":1}},"line":37},"2":{"name":"ValidateLogin","decl":{"start":{"line":46,"column":9},"end":{"line":46,"column":22}},"loc":{"start":{"line":46,"column":29},"end":{"line":53,"column":1}},"line":46}},"branchMap":{},"s":{"0":1,"1":1,"2":1,"3":1,"4":1,"5":1,"6":1,"7":1,"8":0,"9":0,"10":0,"11":0,"12":1,"13":1,"14":1},"f":{"0":1,"1":0,"2":0},"b":{},"_coverageSchema":"43e27e138ebf9cfc5966b082cf9a028302ed4184","hash":"e70197fa55536a53af591727470b77b47ad75c27"}
,"F:\\Programming\\Javascript\\survey\\routes\\survey.js": {"path":"F:\\Programming\\Javascript\\survey\\routes\\survey.js","statementMap":{"0":{"start":{"line":1,"column":15},"end":{"line":1,"column":42}},"1":{"start":{"line":2,"column":35},"end":{"line":2,"column":62}},"2":{"start":{"line":3,"column":43},"end":{"line":3,"column":74}},"3":{"start":{"line":4,"column":13},"end":{"line":4,"column":43}},"4":{"start":{"line":5,"column":14},"end":{"line":5,"column":45}},"5":{"start":{"line":6,"column":25},"end":{"line":6,"column":59}},"6":{"start":{"line":8,"column":0},"end":{"line":12,"column":3}},"7":{"start":{"line":9,"column":18},"end":{"line":9,"column":54}},"8":{"start":{"line":11,"column":2},"end":{"line":11,"column":20}},"9":{"start":{"line":14,"column":0},"end":{"line":20,"column":3}},"10":{"start":{"line":15,"column":17},"end":{"line":15,"column":53}},"11":{"start":{"line":17,"column":2},"end":{"line":17,"column":71}},"12":{"start":{"line":17,"column":15},"end":{"line":17,"column":71}},"13":{"start":{"line":19,"column":2},"end":{"line":19,"column":26}},"14":{"start":{"line":22,"column":0},"end":{"line":31,"column":3}},"15":{"start":{"line":23,"column":17},"end":{"line":23,"column":74}},"16":{"start":{"line":25,"column":2},"end":{"line":25,"column":71}},"17":{"start":{"line":25,"column":15},"end":{"line":25,"column":71}},"18":{"start":{"line":27,"column":2},"end":{"line":28,"column":72}},"19":{"start":{"line":28,"column":4},"end":{"line":28,"column":72}},"20":{"start":{"line":30,"column":2},"end":{"line":30,"column":26}},"21":{"start":{"line":33,"column":0},"end":{"line":54,"column":3}},"22":{"start":{"line":34,"column":20},"end":{"line":34,"column":44}},"23":{"start":{"line":35,"column":2},"end":{"line":35,"column":67}},"24":{"start":{"line":35,"column":13},"end":{"line":35,"column":67}},"25":{"start":{"line":37,"column":20},"end":{"line":37,"column":38}},"26":{"start":{"line":38,"column":20},"end":{"line":38,"column":38}},"27":{"start":{"line":39,"column":18},"end":{"line":39,"column":34}},"28":{"start":{"line":42,"column":20},"end":{"line":42,"column":74}},"29":{"start":{"line":44,"column":17},"end":{"line":49,"column":4}},"30":{"start":{"line":51,"column":2},"end":{"line":51,"column":22}},"31":{"start":{"line":53,"column":2},"end":{"line":53,"column":26}},"32":{"start":{"line":56,"column":0},"end":{"line":93,"column":3}},"33":{"start":{"line":57,"column":20},"end":{"line":57,"column":48}},"34":{"start":{"line":58,"column":2},"end":{"line":58,"column":67}},"35":{"start":{"line":58,"column":13},"end":{"line":58,"column":67}},"36":{"start":{"line":60,"column":17},"end":{"line":60,"column":32}},"37":{"start":{"line":61,"column":20},"end":{"line":61,"column":38}},"38":{"start":{"line":62,"column":20},"end":{"line":62,"column":35}},"39":{"start":{"line":64,"column":20},"end":{"line":64,"column":53}},"40":{"start":{"line":65,"column":2},"end":{"line":65,"column":86}},"41":{"start":{"line":65,"column":18},"end":{"line":65,"column":86}},"42":{"start":{"line":70,"column":19},"end":{"line":73,"column":4}},"43":{"start":{"line":76,"column":2},"end":{"line":88,"column":3}},"44":{"start":{"line":77,"column":4},"end":{"line":81,"column":7}},"45":{"start":{"line":83,"column":4},"end":{"line":83,"column":51}},"46":{"start":{"line":86,"column":4},"end":{"line":86,"column":52}},"47":{"start":{"line":87,"column":4},"end":{"line":87,"column":34}},"48":{"start":{"line":90,"column":2},"end":{"line":90,"column":26}},"49":{"start":{"line":92,"column":2},"end":{"line":92,"column":30}},"50":{"start":{"line":95,"column":0},"end":{"line":115,"column":3}},"51":{"start":{"line":96,"column":20},"end":{"line":96,"column":44}},"52":{"start":{"line":97,"column":2},"end":{"line":97,"column":67}},"53":{"start":{"line":97,"column":13},"end":{"line":97,"column":67}},"54":{"start":{"line":103,"column":17},"end":{"line":103,"column":53}},"55":{"start":{"line":104,"column":2},"end":{"line":104,"column":64}},"56":{"start":{"line":104,"column":15},"end":{"line":104,"column":64}},"57":{"start":{"line":106,"column":20},"end":{"line":106,"column":44}},"58":{"start":{"line":107,"column":2},"end":{"line":107,"column":77}},"59":{"start":{"line":107,"column":17},"end":{"line":107,"column":77}},"60":{"start":{"line":109,"column":2},"end":{"line":109,"column":40}},"61":{"start":{"line":110,"column":2},"end":{"line":110,"column":40}},"62":{"start":{"line":111,"column":2},"end":{"line":111,"column":36}},"63":{"start":{"line":112,"column":2},"end":{"line":112,"column":22}},"64":{"start":{"line":114,"column":2},"end":{"line":114,"column":26}},"65":{"start":{"line":117,"column":0},"end":{"line":127,"column":3}},"66":{"start":{"line":118,"column":17},"end":{"line":118,"column":53}},"67":{"start":{"line":119,"column":2},"end":{"line":119,"column":64}},"68":{"start":{"line":119,"column":15},"end":{"line":119,"column":64}},"69":{"start":{"line":121,"column":20},"end":{"line":121,"column":44}},"70":{"start":{"line":122,"column":2},"end":{"line":122,"column":77}},"71":{"start":{"line":122,"column":17},"end":{"line":122,"column":77}},"72":{"start":{"line":124,"column":2},"end":{"line":124,"column":48}},"73":{"start":{"line":126,"column":2},"end":{"line":126,"column":26}},"74":{"start":{"line":129,"column":0},"end":{"line":129,"column":24}}},"fnMap":{"0":{"name":"(anonymous_0)","decl":{"start":{"line":8,"column":31},"end":{"line":8,"column":32}},"loc":{"start":{"line":8,"column":51},"end":{"line":12,"column":1}},"line":8},"1":{"name":"(anonymous_1)","decl":{"start":{"line":14,"column":52},"end":{"line":14,"column":53}},"loc":{"start":{"line":14,"column":72},"end":{"line":20,"column":1}},"line":14},"2":{"name":"(anonymous_2)","decl":{"start":{"line":22,"column":44},"end":{"line":22,"column":45}},"loc":{"start":{"line":22,"column":64},"end":{"line":31,"column":1}},"line":22},"3":{"name":"(anonymous_3)","decl":{"start":{"line":33,"column":32},"end":{"line":33,"column":33}},"loc":{"start":{"line":33,"column":52},"end":{"line":54,"column":1}},"line":33},"4":{"name":"(anonymous_4)","decl":{"start":{"line":56,"column":29},"end":{"line":56,"column":30}},"loc":{"start":{"line":56,"column":49},"end":{"line":93,"column":1}},"line":56},"5":{"name":"(anonymous_5)","decl":{"start":{"line":95,"column":52},"end":{"line":95,"column":53}},"loc":{"start":{"line":95,"column":72},"end":{"line":115,"column":1}},"line":95},"6":{"name":"(anonymous_6)","decl":{"start":{"line":117,"column":55},"end":{"line":117,"column":56}},"loc":{"start":{"line":117,"column":75},"end":{"line":127,"column":1}},"line":117}},"branchMap":{"0":{"loc":{"start":{"line":17,"column":2},"end":{"line":17,"column":71}},"type":"if","locations":[{"start":{"line":17,"column":2},"end":{"line":17,"column":71}},{"start":{"line":17,"column":2},"end":{"line":17,"column":71}}],"line":17},"1":{"loc":{"start":{"line":25,"column":2},"end":{"line":25,"column":71}},"type":"if","locations":[{"start":{"line":25,"column":2},"end":{"line":25,"column":71}},{"start":{"line":25,"column":2},"end":{"line":25,"column":71}}],"line":25},"2":{"loc":{"start":{"line":27,"column":2},"end":{"line":28,"column":72}},"type":"if","locations":[{"start":{"line":27,"column":2},"end":{"line":28,"column":72}},{"start":{"line":27,"column":2},"end":{"line":28,"column":72}}],"line":27},"3":{"loc":{"start":{"line":35,"column":2},"end":{"line":35,"column":67}},"type":"if","locations":[{"start":{"line":35,"column":2},"end":{"line":35,"column":67}},{"start":{"line":35,"column":2},"end":{"line":35,"column":67}}],"line":35},"4":{"loc":{"start":{"line":58,"column":2},"end":{"line":58,"column":67}},"type":"if","locations":[{"start":{"line":58,"column":2},"end":{"line":58,"column":67}},{"start":{"line":58,"column":2},"end":{"line":58,"column":67}}],"line":58},"5":{"loc":{"start":{"line":65,"column":2},"end":{"line":65,"column":86}},"type":"if","locations":[{"start":{"line":65,"column":2},"end":{"line":65,"column":86}},{"start":{"line":65,"column":2},"end":{"line":65,"column":86}}],"line":65},"6":{"loc":{"start":{"line":76,"column":2},"end":{"line":88,"column":3}},"type":"if","locations":[{"start":{"line":76,"column":2},"end":{"line":88,"column":3}},{"start":{"line":76,"column":2},"end":{"line":88,"column":3}}],"line":76},"7":{"loc":{"start":{"line":97,"column":2},"end":{"line":97,"column":67}},"type":"if","locations":[{"start":{"line":97,"column":2},"end":{"line":97,"column":67}},{"start":{"line":97,"column":2},"end":{"line":97,"column":67}}],"line":97},"8":{"loc":{"start":{"line":104,"column":2},"end":{"line":104,"column":64}},"type":"if","locations":[{"start":{"line":104,"column":2},"end":{"line":104,"column":64}},{"start":{"line":104,"column":2},"end":{"line":104,"column":64}}],"line":104},"9":{"loc":{"start":{"line":107,"column":2},"end":{"line":107,"column":77}},"type":"if","locations":[{"start":{"line":107,"column":2},"end":{"line":107,"column":77}},{"start":{"line":107,"column":2},"end":{"line":107,"column":77}}],"line":107},"10":{"loc":{"start":{"line":119,"column":2},"end":{"line":119,"column":64}},"type":"if","locations":[{"start":{"line":119,"column":2},"end":{"line":119,"column":64}},{"start":{"line":119,"column":2},"end":{"line":119,"column":64}}],"line":119},"11":{"loc":{"start":{"line":122,"column":2},"end":{"line":122,"column":77}},"type":"if","locations":[{"start":{"line":122,"column":2},"end":{"line":122,"column":77}},{"start":{"line":122,"column":2},"end":{"line":122,"column":77}}],"line":122}},"s":{"0":1,"1":1,"2":1,"3":1,"4":1,"5":1,"6":1,"7":1,"8":0,"9":1,"10":0,"11":0,"12":0,"13":0,"14":1,"15":0,"16":0,"17":0,"18":0,"19":0,"20":0,"21":1,"22":0,"23":0,"24":0,"25":0,"26":0,"27":0,"28":0,"29":0,"30":0,"31":0,"32":1,"33":0,"34":0,"35":0,"36":0,"37":0,"38":0,"39":0,"40":0,"41":0,"42":0,"43":0,"44":0,"45":0,"46":0,"47":0,"48":0,"49":0,"50":1,"51":0,"52":0,"53":0,"54":0,"55":0,"56":0,"57":0,"58":0,"59":0,"60":0,"61":0,"62":0,"63":0,"64":0,"65":1,"66":0,"67":0,"68":0,"69":0,"70":0,"71":0,"72":0,"73":0,"74":1},"f":{"0":1,"1":0,"2":0,"3":0,"4":0,"5":0,"6":0},"b":{"0":[0,0],"1":[0,0],"2":[0,0],"3":[0,0],"4":[0,0],"5":[0,0],"6":[0,0],"7":[0,0],"8":[0,0],"9":[0,0],"10":[0,0],"11":[0,0]},"_coverageSchema":"43e27e138ebf9cfc5966b082cf9a028302ed4184","hash":"48e63aa09b6b7e03ac16864fcfa1c00876326c17"}
,"F:\\Programming\\Javascript\\survey\\routes\\user.js": {"path":"F:\\Programming\\Javascript\\survey\\routes\\user.js","statementMap":{"0":{"start":{"line":1,"column":15},"end":{"line":1,"column":42}},"1":{"start":{"line":2,"column":15},"end":{"line":2,"column":32}},"2":{"start":{"line":3,"column":50},"end":{"line":3,"column":75}},"3":{"start":{"line":4,"column":13},"end":{"line":4,"column":43}},"4":{"start":{"line":5,"column":14},"end":{"line":5,"column":45}},"5":{"start":{"line":6,"column":25},"end":{"line":6,"column":59}},"6":{"start":{"line":8,"column":0},"end":{"line":26,"column":3}},"7":{"start":{"line":9,"column":20},"end":{"line":9,"column":46}},"8":{"start":{"line":10,"column":2},"end":{"line":10,"column":67}},"9":{"start":{"line":10,"column":13},"end":{"line":10,"column":67}},"10":{"start":{"line":12,"column":13},"end":{"line":12,"column":58}},"11":{"start":{"line":13,"column":2},"end":{"line":13,"column":70}},"12":{"start":{"line":13,"column":12},"end":{"line":13,"column":70}},"13":{"start":{"line":15,"column":15},"end":{"line":15,"column":39}},"14":{"start":{"line":16,"column":25},"end":{"line":16,"column":67}},"15":{"start":{"line":18,"column":2},"end":{"line":21,"column":5}},"16":{"start":{"line":23,"column":2},"end":{"line":23,"column":20}},"17":{"start":{"line":25,"column":2},"end":{"line":25,"column":24}},"18":{"start":{"line":28,"column":0},"end":{"line":47,"column":3}},"19":{"start":{"line":29,"column":20},"end":{"line":29,"column":46}},"20":{"start":{"line":30,"column":2},"end":{"line":30,"column":67}},"21":{"start":{"line":30,"column":13},"end":{"line":30,"column":67}},"22":{"start":{"line":32,"column":13},"end":{"line":32,"column":58}},"23":{"start":{"line":33,"column":2},"end":{"line":33,"column":70}},"24":{"start":{"line":33,"column":12},"end":{"line":33,"column":70}},"25":{"start":{"line":35,"column":15},"end":{"line":35,"column":39}},"26":{"start":{"line":36,"column":25},"end":{"line":36,"column":67}},"27":{"start":{"line":38,"column":2},"end":{"line":42,"column":5}},"28":{"start":{"line":44,"column":2},"end":{"line":44,"column":20}},"29":{"start":{"line":46,"column":2},"end":{"line":46,"column":24}},"30":{"start":{"line":49,"column":0},"end":{"line":62,"column":3}},"31":{"start":{"line":50,"column":20},"end":{"line":50,"column":43}},"32":{"start":{"line":51,"column":2},"end":{"line":51,"column":67}},"33":{"start":{"line":51,"column":13},"end":{"line":51,"column":67}},"34":{"start":{"line":53,"column":15},"end":{"line":53,"column":60}},"35":{"start":{"line":54,"column":2},"end":{"line":54,"column":74}},"36":{"start":{"line":54,"column":13},"end":{"line":54,"column":74}},"37":{"start":{"line":56,"column":19},"end":{"line":56,"column":73}},"38":{"start":{"line":57,"column":2},"end":{"line":57,"column":78}},"39":{"start":{"line":57,"column":17},"end":{"line":57,"column":78}},"40":{"start":{"line":59,"column":16},"end":{"line":59,"column":40}},"41":{"start":{"line":61,"column":2},"end":{"line":61,"column":25}},"42":{"start":{"line":64,"column":0},"end":{"line":69,"column":3}},"43":{"start":{"line":65,"column":15},"end":{"line":65,"column":58}},"44":{"start":{"line":66,"column":2},"end":{"line":66,"column":63}},"45":{"start":{"line":66,"column":13},"end":{"line":66,"column":63}},"46":{"start":{"line":68,"column":2},"end":{"line":68,"column":24}},"47":{"start":{"line":71,"column":0},"end":{"line":71,"column":24}}},"fnMap":{"0":{"name":"(anonymous_0)","decl":{"start":{"line":8,"column":25},"end":{"line":8,"column":26}},"loc":{"start":{"line":8,"column":45},"end":{"line":26,"column":1}},"line":8},"1":{"name":"(anonymous_1)","decl":{"start":{"line":28,"column":37},"end":{"line":28,"column":38}},"loc":{"start":{"line":28,"column":57},"end":{"line":47,"column":1}},"line":28},"2":{"name":"(anonymous_2)","decl":{"start":{"line":49,"column":22},"end":{"line":49,"column":23}},"loc":{"start":{"line":49,"column":42},"end":{"line":62,"column":1}},"line":49},"3":{"name":"(anonymous_3)","decl":{"start":{"line":64,"column":61},"end":{"line":64,"column":62}},"loc":{"start":{"line":64,"column":81},"end":{"line":69,"column":1}},"line":64}},"branchMap":{"0":{"loc":{"start":{"line":10,"column":2},"end":{"line":10,"column":67}},"type":"if","locations":[{"start":{"line":10,"column":2},"end":{"line":10,"column":67}},{"start":{"line":10,"column":2},"end":{"line":10,"column":67}}],"line":10},"1":{"loc":{"start":{"line":13,"column":2},"end":{"line":13,"column":70}},"type":"if","locations":[{"start":{"line":13,"column":2},"end":{"line":13,"column":70}},{"start":{"line":13,"column":2},"end":{"line":13,"column":70}}],"line":13},"2":{"loc":{"start":{"line":30,"column":2},"end":{"line":30,"column":67}},"type":"if","locations":[{"start":{"line":30,"column":2},"end":{"line":30,"column":67}},{"start":{"line":30,"column":2},"end":{"line":30,"column":67}}],"line":30},"3":{"loc":{"start":{"line":33,"column":2},"end":{"line":33,"column":70}},"type":"if","locations":[{"start":{"line":33,"column":2},"end":{"line":33,"column":70}},{"start":{"line":33,"column":2},"end":{"line":33,"column":70}}],"line":33},"4":{"loc":{"start":{"line":51,"column":2},"end":{"line":51,"column":67}},"type":"if","locations":[{"start":{"line":51,"column":2},"end":{"line":51,"column":67}},{"start":{"line":51,"column":2},"end":{"line":51,"column":67}}],"line":51},"5":{"loc":{"start":{"line":54,"column":2},"end":{"line":54,"column":74}},"type":"if","locations":[{"start":{"line":54,"column":2},"end":{"line":54,"column":74}},{"start":{"line":54,"column":2},"end":{"line":54,"column":74}}],"line":54},"6":{"loc":{"start":{"line":57,"column":2},"end":{"line":57,"column":78}},"type":"if","locations":[{"start":{"line":57,"column":2},"end":{"line":57,"column":78}},{"start":{"line":57,"column":2},"end":{"line":57,"column":78}}],"line":57},"7":{"loc":{"start":{"line":66,"column":2},"end":{"line":66,"column":63}},"type":"if","locations":[{"start":{"line":66,"column":2},"end":{"line":66,"column":63}},{"start":{"line":66,"column":2},"end":{"line":66,"column":63}}],"line":66}},"s":{"0":1,"1":1,"2":1,"3":1,"4":1,"5":1,"6":1,"7":0,"8":0,"9":0,"10":0,"11":0,"12":0,"13":0,"14":0,"15":0,"16":0,"17":0,"18":1,"19":0,"20":0,"21":0,"22":0,"23":0,"24":0,"25":0,"26":0,"27":0,"28":0,"29":0,"30":1,"31":0,"32":0,"33":0,"34":0,"35":0,"36":0,"37":0,"38":0,"39":0,"40":0,"41":0,"42":1,"43":0,"44":0,"45":0,"46":0,"47":1},"f":{"0":0,"1":0,"2":0,"3":0},"b":{"0":[0,0],"1":[0,0],"2":[0,0],"3":[0,0],"4":[0,0],"5":[0,0],"6":[0,0],"7":[0,0]},"_coverageSchema":"43e27e138ebf9cfc5966b082cf9a028302ed4184","hash":"dc0bb02c9c5468bce489c52ed27a18c0fe3519aa"}
,"F:\\Programming\\Javascript\\survey\\startups\\db.js": {"path":"F:\\Programming\\Javascript\\survey\\startups\\db.js","statementMap":{"0":{"start":{"line":1,"column":17},"end":{"line":1,"column":36}},"1":{"start":{"line":2,"column":15},"end":{"line":2,"column":32}},"2":{"start":{"line":4,"column":11},"end":{"line":4,"column":27}},"3":{"start":{"line":5,"column":0},"end":{"line":7,"column":44}},"4":{"start":{"line":6,"column":16},"end":{"line":6,"column":52}},"5":{"start":{"line":7,"column":20},"end":{"line":7,"column":40}}},"fnMap":{"0":{"name":"(anonymous_0)","decl":{"start":{"line":6,"column":8},"end":{"line":6,"column":9}},"loc":{"start":{"line":6,"column":14},"end":{"line":6,"column":54}},"line":6},"1":{"name":"(anonymous_1)","decl":{"start":{"line":7,"column":9},"end":{"line":7,"column":10}},"loc":{"start":{"line":7,"column":18},"end":{"line":7,"column":42}},"line":7}},"branchMap":{},"s":{"0":1,"1":1,"2":1,"3":1,"4":1,"5":0},"f":{"0":1,"1":0},"b":{},"_coverageSchema":"43e27e138ebf9cfc5966b082cf9a028302ed4184","hash":"63d8a088b41345b26e14b0c5c5c03a635ddc41a5"}
,"F:\\Programming\\Javascript\\survey\\startups\\logging.js": {"path":"F:\\Programming\\Javascript\\survey\\startups\\logging.js","statementMap":{"0":{"start":{"line":1,"column":16},"end":{"line":1,"column":34}},"1":{"start":{"line":3,"column":0},"end":{"line":3,"column":74}},"2":{"start":{"line":4,"column":0},"end":{"line":4,"column":93}},"3":{"start":{"line":6,"column":0},"end":{"line":6,"column":55}},"4":{"start":{"line":6,"column":43},"end":{"line":6,"column":51}}},"fnMap":{"0":{"name":"(anonymous_0)","decl":{"start":{"line":6,"column":33},"end":{"line":6,"column":34}},"loc":{"start":{"line":6,"column":41},"end":{"line":6,"column":53}},"line":6}},"branchMap":{},"s":{"0":1,"1":1,"2":1,"3":1,"4":0},"f":{"0":0},"b":{},"_coverageSchema":"43e27e138ebf9cfc5966b082cf9a028302ed4184","hash":"117f79dafa8e4f4b0e38821b555fb55981796e24"}
,"F:\\Programming\\Javascript\\survey\\startups\\routes.js": {"path":"F:\\Programming\\Javascript\\survey\\startups\\routes.js","statementMap":{"0":{"start":{"line":1,"column":16},"end":{"line":1,"column":34}},"1":{"start":{"line":2,"column":15},"end":{"line":2,"column":42}},"2":{"start":{"line":3,"column":13},"end":{"line":3,"column":38}},"3":{"start":{"line":4,"column":14},"end":{"line":4,"column":45}},"4":{"start":{"line":6,"column":0},"end":{"line":11,"column":1}},"5":{"start":{"line":7,"column":2},"end":{"line":7,"column":26}},"6":{"start":{"line":8,"column":2},"end":{"line":8,"column":33}},"7":{"start":{"line":9,"column":2},"end":{"line":9,"column":29}},"8":{"start":{"line":10,"column":2},"end":{"line":10,"column":17}}},"fnMap":{"0":{"name":"(anonymous_0)","decl":{"start":{"line":6,"column":17},"end":{"line":6,"column":18}},"loc":{"start":{"line":6,"column":32},"end":{"line":11,"column":1}},"line":6}},"branchMap":{},"s":{"0":1,"1":1,"2":1,"3":1,"4":1,"5":1,"6":1,"7":1,"8":1},"f":{"0":1},"b":{},"_coverageSchema":"43e27e138ebf9cfc5966b082cf9a028302ed4184","hash":"15dbdf25f1a1598e0b66bfc246fc0a031897dbe5"}
}
